<?xml version="1.0" encoding="utf-8"?><testsuites name="pytest tests"><testsuite name="pytest" errors="0" failures="0" skipped="0" tests="16" time="2.584" timestamp="2026-02-27T08:29:39.391957+00:00" hostname="agent-env-8d768b6e-5992-47d3-8a79-76b38c8c869a"><testcase classname="backend.tests.test_api_regression.TestHealthAndSettings" name="test_health_endpoint_stable" time="0.200" /><testcase classname="backend.tests.test_api_regression.TestHealthAndSettings" name="test_settings_get_and_update_roundtrip" time="0.159" /><testcase classname="backend.tests.test_api_regression.TestAnalyzeAndReports" name="test_analyze_creates_report_and_fields" time="0.093" /><testcase classname="backend.tests.test_api_regression.TestAnalyzeAndReports" name="test_reports_list_and_detail_load" time="0.191" /><testcase classname="backend.tests.test_api_regression.TestIntegrationStubs" name="test_submit_git_ci_and_list_events" time="0.146" /><testcase classname="backend.tests.test_repository_fixes_regression.TestRepositoryFixesWorkflow" name="test_analyze_repository_creates_session_and_fixes" time="0.113" /><testcase classname="backend.tests.test_repository_fixes_regression.TestRepositoryFixesWorkflow" name="test_apply_selected_fixes_updates_session_and_enables_download" time="0.209" /><testcase classname="backend.tests.test_repository_fixes_regression.TestRepositoryFixesWorkflow" name="test_apply_all_approves_all_and_sets_applied_count" time="0.185" /><testcase classname="backend.tests.test_repository_fixes_regression.TestRepositoryFixesWorkflow" name="test_future_import_order_remains_valid_after_apply" time="0.153" /><testcase classname="backend.tests.test_repository_fixes_regression.TestRepositoryFixesWorkflow" name="test_validation_guard_blocks_apply_when_python_parse_fails" time="0.148" /><testcase classname="backend.tests.test_settings_provider_matrix_regression.TestSettingsProviderMatrixRegression" name="test_get_settings_returns_provider_matrix_routing_and_legacy_fields" time="0.111" /><testcase classname="backend.tests.test_settings_provider_matrix_regression.TestSettingsProviderMatrixRegression" name="test_put_settings_legacy_payload_still_works" time="0.166" /><testcase classname="backend.tests.test_settings_provider_matrix_regression.TestSettingsProviderMatrixRegression" name="test_put_settings_new_payload_persists_routing_and_encrypted_key_flags" time="0.129" /><testcase classname="backend.tests.test_settings_provider_matrix_regression.TestSettingsProviderMatrixRegression" name="test_settings_never_return_plaintext_api_keys" time="0.106" /><testcase classname="backend.tests.test_settings_provider_matrix_regression.TestDownstreamRegressionAfterSettingsChanges" name="test_analyze_still_works_with_new_settings_schema" time="0.214" /><testcase classname="backend.tests.test_settings_provider_matrix_regression.TestDownstreamRegressionAfterSettingsChanges" name="test_repository_fix_endpoints_still_functional" time="0.183" /></testsuite></testsuites>